Logfile initialized
[INFO] logfile = /Users/pascalm3/program/js/titanium/ilise/build.log
[DEBUG] /Users/pascalm3/Library/Application Support/Titanium/mobilesdk/osx/1.7.0.RC1/android/builder.py install ilise /opt/android-sdk-mac_x86 ./ co.co.jp 42520ecd-4753-434c-a200-17f4df231740
[INFO] Titanium SDK version: 1.7.0 (05/15/11 17:26 e6afca8)
[DEBUG] Waiting for device to be ready ...
[TRACE] adb devices returned 1 devices/emulators
[DEBUG] Device connected... (waited 0 seconds)
[DEBUG] waited 0.014350 seconds on emulator to get ready
[DEBUG] co.co.jp installed? False
[INFO] Copying project resources..
[TRACE] COPYING MODIFIED FILE: /Users/pascalm3/program/js/titanium/ilise/Resources/windows/.map.coffee.swp => /Users/pascalm3/program/js/titanium/ilise/build/android/bin/assets/Resources/windows/.map.coffee.swp
[TRACE] COPYING MODIFIED FILE: /Users/pascalm3/program/js/titanium/ilise/Resources/windows/map.coffee => /Users/pascalm3/program/js/titanium/ilise/build/android/bin/assets/Resources/windows/map.coffee
[TRACE] COPYING MODIFIED FILE: /Users/pascalm3/program/js/titanium/ilise/Resources/windows/map.js => /Users/pascalm3/program/js/titanium/ilise/build/android/bin/assets/Resources/windows/map.js
[TRACE] Generating Java Classes
[DEBUG] Processing Android resource drawables
[DEBUG] copying app icon: /Users/pascalm3/program/js/titanium/ilise/build/android/bin/assets/Resources/appicon.png
[DEBUG] generating theme.xml
[DEBUG] found drawable-long-land-hdpi splash screen at /Users/pascalm3/program/js/titanium/ilise/Resources/android/images/res-long-land-hdpi/default.png
[DEBUG] copying /Users/pascalm3/program/js/titanium/ilise/Resources/android/images/res-long-land-hdpi/default.png splash screen to /Users/pascalm3/program/js/titanium/ilise/build/android/res/drawable-long-land-hdpi/background.png
[DEBUG] found drawable-long-land-ldpi splash screen at /Users/pascalm3/program/js/titanium/ilise/Resources/android/images/res-long-land-ldpi/default.png
[DEBUG] copying /Users/pascalm3/program/js/titanium/ilise/Resources/android/images/res-long-land-ldpi/default.png splash screen to /Users/pascalm3/program/js/titanium/ilise/build/android/res/drawable-long-land-ldpi/background.png
[DEBUG] found drawable-long-port-hdpi splash screen at /Users/pascalm3/program/js/titanium/ilise/Resources/android/images/res-long-port-hdpi/default.png
[DEBUG] copying /Users/pascalm3/program/js/titanium/ilise/Resources/android/images/res-long-port-hdpi/default.png splash screen to /Users/pascalm3/program/js/titanium/ilise/build/android/res/drawable-long-port-hdpi/background.png
[DEBUG] found drawable-long-port-ldpi splash screen at /Users/pascalm3/program/js/titanium/ilise/Resources/android/images/res-long-port-ldpi/default.png
[DEBUG] copying /Users/pascalm3/program/js/titanium/ilise/Resources/android/images/res-long-port-ldpi/default.png splash screen to /Users/pascalm3/program/js/titanium/ilise/build/android/res/drawable-long-port-ldpi/background.png
[DEBUG] found drawable-notlong-land-hdpi splash screen at /Users/pascalm3/program/js/titanium/ilise/Resources/android/images/res-notlong-land-hdpi/default.png
[DEBUG] copying /Users/pascalm3/program/js/titanium/ilise/Resources/android/images/res-notlong-land-hdpi/default.png splash screen to /Users/pascalm3/program/js/titanium/ilise/build/android/res/drawable-notlong-land-hdpi/background.png
[DEBUG] found drawable-notlong-land-ldpi splash screen at /Users/pascalm3/program/js/titanium/ilise/Resources/android/images/res-notlong-land-ldpi/default.png
[DEBUG] copying /Users/pascalm3/program/js/titanium/ilise/Resources/android/images/res-notlong-land-ldpi/default.png splash screen to /Users/pascalm3/program/js/titanium/ilise/build/android/res/drawable-notlong-land-ldpi/background.png
[DEBUG] found drawable-notlong-land-mdpi splash screen at /Users/pascalm3/program/js/titanium/ilise/Resources/android/images/res-notlong-land-mdpi/default.png
[DEBUG] copying /Users/pascalm3/program/js/titanium/ilise/Resources/android/images/res-notlong-land-mdpi/default.png splash screen to /Users/pascalm3/program/js/titanium/ilise/build/android/res/drawable-notlong-land-mdpi/background.png
[DEBUG] found drawable-notlong-port-hdpi splash screen at /Users/pascalm3/program/js/titanium/ilise/Resources/android/images/res-notlong-port-hdpi/default.png
[DEBUG] copying /Users/pascalm3/program/js/titanium/ilise/Resources/android/images/res-notlong-port-hdpi/default.png splash screen to /Users/pascalm3/program/js/titanium/ilise/build/android/res/drawable-notlong-port-hdpi/background.png
[DEBUG] found drawable-notlong-port-ldpi splash screen at /Users/pascalm3/program/js/titanium/ilise/Resources/android/images/res-notlong-port-ldpi/default.png
[DEBUG] copying /Users/pascalm3/program/js/titanium/ilise/Resources/android/images/res-notlong-port-ldpi/default.png splash screen to /Users/pascalm3/program/js/titanium/ilise/build/android/res/drawable-notlong-port-ldpi/background.png
[DEBUG] found drawable-notlong-port-mdpi splash screen at /Users/pascalm3/program/js/titanium/ilise/Resources/android/images/res-notlong-port-mdpi/default.png
[DEBUG] copying /Users/pascalm3/program/js/titanium/ilise/Resources/android/images/res-notlong-port-mdpi/default.png splash screen to /Users/pascalm3/program/js/titanium/ilise/build/android/res/drawable-notlong-port-mdpi/background.png
[DEBUG] found splash screen at /Users/pascalm3/program/js/titanium/ilise/build/android/bin/assets/Resources/default.png
[TRACE] Writing out AndroidManifest.xml
[DEBUG] adding /Users/pascalm3/program/js/titanium/ilise/build/android/gen/co/co/jp/IliseActivity.java to javac build list
[DEBUG] adding /Users/pascalm3/program/js/titanium/ilise/build/android/gen/co/co/jp/IliseAppInfo.java to javac build list
[DEBUG] adding /Users/pascalm3/program/js/titanium/ilise/build/android/gen/co/co/jp/IliseApplication.java to javac build list
[DEBUG] adding /Users/pascalm3/program/js/titanium/ilise/build/android/gen/co/co/jp/R.java to javac build list
[DEBUG] Building Java Sources: "/Users/pascalm3/program/js/titanium/ilise/build/android/gen/co/co/jp/IliseActivity.java" "/Users/pascalm3/program/js/titanium/ilise/build/android/gen/co/co/jp/IliseAppInfo.java" "/Users/pascalm3/program/js/titanium/ilise/build/android/gen/co/co/jp/IliseApplication.java" "/Users/pascalm3/program/js/titanium/ilise/build/android/gen/co/co/jp/R.java"
[INFO] Waiting for SDCard to become available..
[INFO] Compiling Android Resources... This could take some time
[DEBUG] Android classes.dex built
[DEBUG] creating unsigned apk: /Users/pascalm3/program/js/titanium/ilise/build/android/bin/app-unsigned.apk
[DEBUG] from resource zip => assets/Resources/windows/camera.coffee
[DEBUG] from resource zip => assets/Resources/windows/camera.js
[DEBUG] from resource zip => assets/Resources/windows/map.coffee
[DEBUG] from resource zip => assets/Resources/windows/map.js
[DEBUG] from resource zip => assets/Resources/windows/search.coffee
[DEBUG] from resource zip => assets/Resources/windows/search.js
[DEBUG] from resource zip => assets/Resources/KS_nav_ui.png
[DEBUG] from resource zip => assets/Resources/KS_nav_views.png
[DEBUG] from resource zip => assets/Resources/app.coffee
[DEBUG] from resource zip => assets/Resources/app.js
[DEBUG] from resource zip => assets/Resources/appicon.png
[DEBUG] from resource zip => assets/Resources/default.png
[DEBUG] from resource zip => assets/tiapp.xml
[DEBUG] from resource zip => res/drawable/appicon.png
[DEBUG] from resource zip => res/drawable/background.png
[DEBUG] from resource zip => res/layout/titanium_tabgroup.xml
[DEBUG] from resource zip => AndroidManifest.xml
[DEBUG] from resource zip => resources.arsc
[DEBUG] from resource zip => res/drawable-long-land-hdpi/background.png
[DEBUG] from resource zip => res/drawable-long-land-ldpi/background.png
[DEBUG] from resource zip => res/drawable-long-port-hdpi/background.png
[DEBUG] from resource zip => res/drawable-long-port-ldpi/background.png
[DEBUG] from resource zip => res/drawable-notlong-land-hdpi/background.png
[DEBUG] from resource zip => res/drawable-notlong-land-ldpi/background.png
[DEBUG] from resource zip => res/drawable-notlong-land-mdpi/background.png
[DEBUG] from resource zip => res/drawable-notlong-port-hdpi/background.png
[DEBUG] from resource zip => res/drawable-notlong-port-ldpi/background.png
[DEBUG] from resource zip => res/drawable-notlong-port-mdpi/background.png
[DEBUG] from JAR /Users/pascalm3/Library/Application Support/Titanium/mobilesdk/osx/1.7.0.RC1/android/titanium.jar => org/apache/Commons-NOTICE.txt
[DEBUG] from JAR /Users/pascalm3/Library/Application Support/Titanium/mobilesdk/osx/1.7.0.RC1/android/titanium.jar => org/apache/HttpComponents-NOTICE.txt
[DEBUG] from JAR /Users/pascalm3/Library/Application Support/Titanium/mobilesdk/osx/1.7.0.RC1/android/titanium.jar => org/apache/mime4j-NOTICE.txt
[DEBUG] from JAR /Users/pascalm3/Library/Application Support/Titanium/mobilesdk/osx/1.7.0.RC1/android/titanium.jar => org/appcelerator/titanium/build.properties
[DEBUG] from JAR /Users/pascalm3/Library/Application Support/Titanium/mobilesdk/osx/1.7.0.RC1/android/titanium.jar => org/appcelerator/titanium/res/drawable/background.png
[DEBUG] from JAR /Users/pascalm3/Library/Application Support/Titanium/mobilesdk/osx/1.7.0.RC1/android/titanium.jar => org/appcelerator/titanium/res/drawable/btn_check_buttonless_on.png
[DEBUG] from JAR /Users/pascalm3/Library/Application Support/Titanium/mobilesdk/osx/1.7.0.RC1/android/titanium.jar => org/appcelerator/titanium/res/drawable/btn_check_buttonless_on_18.png
[DEBUG] from JAR /Users/pascalm3/Library/Application Support/Titanium/mobilesdk/osx/1.7.0.RC1/android/titanium.jar => org/appcelerator/titanium/res/drawable/btn_check_buttonless_on_48.png
[DEBUG] from JAR /Users/pascalm3/Library/Application Support/Titanium/mobilesdk/osx/1.7.0.RC1/android/titanium.jar => org/appcelerator/titanium/res/drawable/btn_more.png
[DEBUG] from JAR /Users/pascalm3/Library/Application Support/Titanium/mobilesdk/osx/1.7.0.RC1/android/titanium.jar => org/appcelerator/titanium/res/drawable/btn_more_18.png
[DEBUG] from JAR /Users/pascalm3/Library/Application Support/Titanium/mobilesdk/osx/1.7.0.RC1/android/titanium.jar => org/appcelerator/titanium/res/drawable/btn_more_48.png
[DEBUG] from JAR /Users/pascalm3/Library/Application Support/Titanium/mobilesdk/osx/1.7.0.RC1/android/titanium.jar => org/appcelerator/titanium/res/drawable/btn_picker_normal.9.png
[DEBUG] from JAR /Users/pascalm3/Library/Application Support/Titanium/mobilesdk/osx/1.7.0.RC1/android/titanium.jar => org/appcelerator/titanium/res/drawable/btn_picker_pressed.9.png
[DEBUG] from JAR /Users/pascalm3/Library/Application Support/Titanium/mobilesdk/osx/1.7.0.RC1/android/titanium.jar => org/appcelerator/titanium/res/drawable/btn_picker_selected.9.png
[DEBUG] from JAR /Users/pascalm3/Library/Application Support/Titanium/mobilesdk/osx/1.7.0.RC1/android/titanium.jar => org/appcelerator/titanium/res/drawable/default_icon.png
[DEBUG] from JAR /Users/pascalm3/Library/Application Support/Titanium/mobilesdk/osx/1.7.0.RC1/android/titanium.jar => org/appcelerator/titanium/res/drawable/photoDefault.png
[DEBUG] from JAR /Users/pascalm3/Library/Application Support/Titanium/mobilesdk/osx/1.7.0.RC1/android/modules/titanium-ui.jar => ti/modules/titanium/ui/widget/webview/binding.js
[DEBUG] from JAR /Users/pascalm3/Library/Application Support/Titanium/mobilesdk/osx/1.7.0.RC1/android/modules/titanium-ui.jar => ti/modules/titanium/ui/widget/webview/binding.min.js
[DEBUG] from JAR /Users/pascalm3/Library/Application Support/Titanium/mobilesdk/osx/1.7.0.RC1/android/modules/titanium-ui.jar => ti/modules/titanium/ui/widget/webview/json2.js
[DEBUG] from JAR /Users/pascalm3/Library/Application Support/Titanium/mobilesdk/osx/1.7.0.RC1/android/smalljs.jar => org/mozilla/javascript/resources/Messages.properties
[DEBUG] from JAR /Users/pascalm3/Library/Application Support/Titanium/mobilesdk/osx/1.7.0.RC1/android/smalljs.jar => org/mozilla/javascript/resources/Messages_fr.properties
[DEBUG] Waiting for device to be ready ...
[TRACE] adb devices returned 1 devices/emulators
[DEBUG] Device connected... (waited 0 seconds)
[DEBUG] waited 0.019877 seconds on emulator to get ready
[INFO] Installing application on emulator
[INFO] Application installed. Launch from drawer on Home Screen
